2021-10-26 15:33:37,812 - uvicorn.error - INFO - Started server process [15344]
2021-10-26 15:33:37,813 - uvicorn.error - INFO - Waiting for application startup.
2021-10-26 15:33:37,814 - uvicorn.error - INFO - Application startup complete.
2021-10-26 15:34:48,001 - uvicorn.error - ERROR - Exception in ASGI application
Traceback (most recent call last):
  File "E:\Workspace\python\FastAPI_React\venv\lib\site-packages\uvicorn\protocols\http\h11_impl.py", line 373, in run_asgi
    result = await app(self.scope, self.receive, self.send)
  File "E:\Workspace\python\FastAPI_React\venv\lib\site-packages\uvicorn\middleware\proxy_headers.py", line 75, in __call__
    return await self.app(scope, receive, send)
  File "E:\Workspace\python\FastAPI_React\venv\lib\site-packages\fastapi\applications.py", line 208, in __call__
    await super().__call__(scope, receive, send)
  File "E:\Workspace\python\FastAPI_React\venv\lib\site-packages\starlette\applications.py", line 112, in __call__
    await self.middleware_stack(scope, receive, send)
  File "E:\Workspace\python\FastAPI_React\venv\lib\site-packages\starlette\middleware\errors.py", line 181, in __call__
    raise exc
  File "E:\Workspace\python\FastAPI_React\venv\lib\site-packages\starlette\middleware\errors.py", line 159, in __call__
    await self.app(scope, receive, _send)
  File "E:\Workspace\python\FastAPI_React\venv\lib\site-packages\starlette\middleware\cors.py", line 92, in __call__
    await self.simple_response(scope, receive, send, request_headers=headers)
  File "E:\Workspace\python\FastAPI_React\venv\lib\site-packages\starlette\middleware\cors.py", line 147, in simple_response
    await self.app(scope, receive, send)
  File "E:\Workspace\python\FastAPI_React\venv\lib\site-packages\starlette\exceptions.py", line 82, in __call__
    raise exc
  File "E:\Workspace\python\FastAPI_React\venv\lib\site-packages\starlette\exceptions.py", line 71, in __call__
    await self.app(scope, receive, sender)
  File "E:\Workspace\python\FastAPI_React\venv\lib\site-packages\starlette\routing.py", line 656, in __call__
    await route.handle(scope, receive, send)
  File "E:\Workspace\python\FastAPI_React\venv\lib\site-packages\starlette\routing.py", line 259, in handle
    await self.app(scope, receive, send)
  File "E:\Workspace\python\FastAPI_React\venv\lib\site-packages\starlette\routing.py", line 61, in app
    response = await func(request)
  File "E:\Workspace\python\FastAPI_React\venv\lib\site-packages\fastapi\routing.py", line 226, in app
    raw_response = await run_endpoint_function(
  File "E:\Workspace\python\FastAPI_React\venv\lib\site-packages\fastapi\routing.py", line 161, in run_endpoint_function
    return await run_in_threadpool(dependant.call, **values)
  File "E:\Workspace\python\FastAPI_React\venv\lib\site-packages\starlette\concurrency.py", line 39, in run_in_threadpool
    return await anyio.to_thread.run_sync(func, *args)
  File "E:\Workspace\python\FastAPI_React\venv\lib\site-packages\anyio\to_thread.py", line 28, in run_sync
    return await get_asynclib().run_sync_in_worker_thread(func, *args, cancellable=cancellable,
  File "E:\Workspace\python\FastAPI_React\venv\lib\site-packages\anyio\_backends\_asyncio.py", line 805, in run_sync_in_worker_thread
    return await future
  File "E:\Workspace\python\FastAPI_React\venv\lib\site-packages\anyio\_backends\_asyncio.py", line 743, in run
    result = func(*args)
  File "E:\Workspace\python\FastAPI_React\backend\app\api.py", line 71, in upload_single_file
    shutil.copyfileobj(file.file,my_file)
  File "C:\Users\NGUYEN MINH CHAU\AppData\Local\Programs\Python\Python310\lib\shutil.py", line 198, in copyfileobj
    fdst_write(buf)
TypeError: write() argument must be str, not bytes
2021-10-26 15:39:23,935 - uvicorn.error - INFO - Started server process [7580]
2021-10-26 15:39:23,943 - uvicorn.error - INFO - Waiting for application startup.
2021-10-26 15:39:23,948 - uvicorn.error - INFO - Application startup complete.
2021-10-26 15:40:00,939 - root - ERROR - write() argument must be str, not bytes
2021-10-26 15:41:28,661 - uvicorn.error - INFO - Started server process [11556]
2021-10-26 15:41:28,661 - uvicorn.error - INFO - Waiting for application startup.
2021-10-26 15:41:28,662 - uvicorn.error - INFO - Application startup complete.
2021-10-26 15:42:39,328 - uvicorn.error - INFO - Started server process [9584]
2021-10-26 15:42:39,329 - uvicorn.error - INFO - Waiting for application startup.
2021-10-26 15:42:39,330 - uvicorn.error - INFO - Application startup complete.
2021-10-26 15:43:23,477 - uvicorn.error - INFO - Started server process [1496]
2021-10-26 15:43:23,478 - uvicorn.error - INFO - Waiting for application startup.
2021-10-26 15:43:23,479 - uvicorn.error - INFO - Application startup complete.
2021-10-26 15:44:04,375 - uvicorn.error - INFO - Shutting down
2021-10-26 15:44:04,477 - uvicorn.error - INFO - Waiting for application shutdown.
2021-10-26 15:44:04,477 - uvicorn.error - INFO - Application shutdown complete.
2021-10-26 15:44:04,478 - uvicorn.error - INFO - Finished server process [1496]
